#-----------------------------------------------------------
# Vivado v2018.2 (64-bit)
# SW Build 2258646 on Thu Jun 14 20:02:38 MDT 2018
# IP Build 2256618 on Thu Jun 14 22:10:49 MDT 2018
# Start of session at: Fri Apr  8 10:46:01 2022
# Process ID: 18644
# Current directory: /home/mallevil/Documents/Projet_info/Projet_Syst_Info
# Command line: vivado
# Log file: /home/mallevil/Documents/Projet_info/Projet_Syst_Info/vivado.log
# Journal file: /home/mallevil/Documents/Projet_info/Projet_Syst_Info/vivado.jou
#-----------------------------------------------------------
start_gui
open_project /home/mallevil/Documents/Archi/TPArchi/project_1/project_1.xpr
Scanning sources...
Finished scanning sources
INFO: [IP_Flow 19-234] Refreshing IP repositories
INFO: [IP_Flow 19-1704] No user IP repositories specified
INFO: [IP_Flow 19-2313] Loaded Vivado IP repository '/usr/local/insa/Xilinx.VIVADO/Vivado/2018.2/data/ip'.
open_project: Time (s): cpu = 00:00:09 ; elapsed = 00:00:05 . Memory (MB): peak = 6176.066 ; gain = 119.617 ; free physical = 56561 ; free virtual = 69093
update_compile_order -fileset sources_1
exit
INFO: [Common 17-206] Exiting Vivado at Fri Apr  8 10:52:53 2022...
